  [1m[36m (5.3ms)[0m  [1mCREATE TABLE "schema_migrations" ("version" varchar NOT NULL) [0m
  [1m[35m (0.1ms)[0m  select sqlite_version(*)
  [1m[36m (4.1ms)[0m  [1mCREATE UNIQUE INDEX "unique_schema_migrations" ON "schema_migrations" ("version")[0m
  [1m[35mActiveRecord::SchemaMigration Load (0.1ms)[0m  SELECT "schema_migrations".* FROM "schema_migrations"
Migrating to CreateObszaries (20171119160427)
  [1m[36m (0.0ms)[0m  [1mbegin transaction[0m
  [1m[35m (0.3ms)[0m  CREATE TABLE "obszaries" ("id" INTEGER PRIMARY KEY AUTOINCREMENT NOT NULL, "ID_OBSZARU" integer, "NAZWA_OBSZARU" varchar, "ID_ULICY" integer, "created_at" datetime NOT NULL, "updated_at" datetime NOT NULL) 
  [1m[36mSQL (0.1ms)[0m  [1mINSERT INTO "schema_migrations" ("version") VALUES (?)[0m  [["version", "20171119160427"]]
  [1m[35m (4.8ms)[0m  commit transaction
Migrating to CreateRestauracjes (20171119160619)
  [1m[36m (0.1ms)[0m  [1mbegin transaction[0m
  [1m[35m (0.4ms)[0m  CREATE TABLE "restauracjes" ("id" INTEGER PRIMARY KEY AUTOINCREMENT NOT NULL, "ID_REST" integer, "NAZWA" varchar, "ID_OBSZARU" integer, "ULICA" varchar, "NUMER_LOKALU" varchar, "KOD_POCZTOWY" varchar, "created_at" datetime NOT NULL, "updated_at" datetime NOT NULL) 
  [1m[36mSQL (0.2ms)[0m  [1mINSERT INTO "schema_migrations" ("version") VALUES (?)[0m  [["version", "20171119160619"]]
  [1m[35m (6.1ms)[0m  commit transaction
Migrating to CreateProdukties (20171119160802)
  [1m[36m (0.1ms)[0m  [1mbegin transaction[0m
  [1m[35m (0.7ms)[0m  CREATE TABLE "produkties" ("id" INTEGER PRIMARY KEY AUTOINCREMENT NOT NULL, "ID_PROD" integer, "NAZWA" varchar, "CENA" float, "CZAS_PRZYG" integer, "created_at" datetime NOT NULL, "updated_at" datetime NOT NULL) 
  [1m[36mSQL (0.3ms)[0m  [1mINSERT INTO "schema_migrations" ("version") VALUES (?)[0m  [["version", "20171119160802"]]
  [1m[35m (5.6ms)[0m  commit transaction
Migrating to CreateTypyPracownikas (20171119160855)
  [1m[36m (0.1ms)[0m  [1mbegin transaction[0m
  [1m[35m (0.5ms)[0m  CREATE TABLE "typy_pracownikas" ("id" INTEGER PRIMARY KEY AUTOINCREMENT NOT NULL, "ID_TYPU" integer, "NAZWA_TYPU" varchar, "created_at" datetime NOT NULL, "updated_at" datetime NOT NULL) 
  [1m[36mSQL (0.3ms)[0m  [1mINSERT INTO "schema_migrations" ("version") VALUES (?)[0m  [["version", "20171119160855"]]
  [1m[35m (63.4ms)[0m  commit transaction
Migrating to CreatePracownicies (20171119161127)
  [1m[36m (0.1ms)[0m  [1mbegin transaction[0m
  [1m[35m (0.5ms)[0m  CREATE TABLE "pracownicies" ("id" INTEGER PRIMARY KEY AUTOINCREMENT NOT NULL, "ID_PRACOWNIKA" integer, "ID_REST" integer, "ID_TYPU" integer, "IMIE" varchar, "NAZWISKO" varchar, "ZAROBKI" integer, "created_at" datetime NOT NULL, "updated_at" datetime NOT NULL) 
  [1m[36mSQL (0.4ms)[0m  [1mINSERT INTO "schema_migrations" ("version") VALUES (?)[0m  [["version", "20171119161127"]]
  [1m[35m (5.9ms)[0m  commit transaction
Migrating to CreateProduktyNaZamowienius (20171119161301)
  [1m[36m (0.1ms)[0m  [1mbegin transaction[0m
  [1m[35m (0.5ms)[0m  CREATE TABLE "produkty_na_zamowienius" ("id" INTEGER PRIMARY KEY AUTOINCREMENT NOT NULL, "ID_ZAMOWIENIA" integer, "ID_PROD" integer, "LICZBA_SZTUK" integer, "created_at" datetime NOT NULL, "updated_at" datetime NOT NULL) 
  [1m[36mSQL (0.3ms)[0m  [1mINSERT INTO "schema_migrations" ("version") VALUES (?)[0m  [["version", "20171119161301"]]
  [1m[35m (30.0ms)[0m  commit transaction
Migrating to CreateZamowienia (20171119161404)
  [1m[36m (0.1ms)[0m  [1mbegin transaction[0m
  [1m[35m (0.4ms)[0m  CREATE TABLE "zamowienia" ("id" INTEGER PRIMARY KEY AUTOINCREMENT NOT NULL, "ID_ZAMOWIENIA" integer, "ID_KLIENTA" integer, "ID_PRACOWNIKA" integer, "CZAS_REALIZACJI" integer, "created_at" datetime NOT NULL, "updated_at" datetime NOT NULL) 
  [1m[36mSQL (0.3ms)[0m  [1mINSERT INTO "schema_migrations" ("version") VALUES (?)[0m  [["version", "20171119161404"]]
  [1m[35m (5.1ms)[0m  commit transaction
Migrating to CreateKliencis (20171119161519)
  [1m[36m (0.1ms)[0m  [1mbegin transaction[0m
  [1m[35m (0.4ms)[0m  CREATE TABLE "kliencis" ("id" INTEGER PRIMARY KEY AUTOINCREMENT NOT NULL, "ID_KLIENTA" integer, "IMIE" varchar, "NAZWISKO" varchar, "ULICA" varchar, "KOD_POCZTOWY" varchar, "NUMER_LOKALU" varchar, "created_at" datetime NOT NULL, "updated_at" datetime NOT NULL) 
  [1m[36mSQL (0.3ms)[0m  [1mINSERT INTO "schema_migrations" ("version") VALUES (?)[0m  [["version", "20171119161519"]]
  [1m[35m (19.9ms)[0m  commit transaction
Migrating to CreateUlices (20171119163206)
  [1m[36m (0.1ms)[0m  [1mbegin transaction[0m
  [1m[35m (0.4ms)[0m  CREATE TABLE "ulices" ("id" INTEGER PRIMARY KEY AUTOINCREMENT NOT NULL, "ID_ULICY" integer, "ULICA" varchar, "KOD_POCZTOWY" varchar, "NUMER_LOKALU" varchar, "created_at" datetime NOT NULL, "updated_at" datetime NOT NULL) 
  [1m[36mSQL (0.3ms)[0m  [1mINSERT INTO "schema_migrations" ("version") VALUES (?)[0m  [["version", "20171119163206"]]
  [1m[35m (17.2ms)[0m  commit transaction
Migrating to RestauracjeObszary (20171119165228)
  [1m[36m (0.1ms)[0m  [1mbegin transaction[0m
  [1m[35m (1.4ms)[0m  CREATE TABLE "Restauracje_Obszary" ("Restauracje_id" integer, "Obszary_id" integer) 
  [1m[36m (0.1ms)[0m  [1mCREATE  INDEX "index_Restauracje_Obszary_on_Restauracje_id" ON "Restauracje_Obszary" ("Restauracje_id")[0m
  [1m[35m (0.1ms)[0m              SELECT sql
            FROM sqlite_master
            WHERE name='index_Restauracje_Obszary_on_Restauracje_id' AND type='index'
            UNION ALL
            SELECT sql
            FROM sqlite_temp_master
            WHERE name='index_Restauracje_Obszary_on_Restauracje_id' AND type='index'

  [1m[36m (0.1ms)[0m  [1mCREATE  INDEX "index_Restauracje_Obszary_on_Obszary_id" ON "Restauracje_Obszary" ("Obszary_id")[0m
  [1m[35mSQL (0.1ms)[0m  INSERT INTO "schema_migrations" ("version") VALUES (?)  [["version", "20171119165228"]]
  [1m[36m (4.8ms)[0m  [1mcommit transaction[0m
  [1m[35mActiveRecord::SchemaMigration Load (0.1ms)[0m  SELECT "schema_migrations".* FROM "schema_migrations"
  [1m[36m (0.1ms)[0m  [1m            SELECT sql
            FROM sqlite_master
            WHERE name='index_Restauracje_Obszary_on_Obszary_id' AND type='index'
            UNION ALL
            SELECT sql
            FROM sqlite_temp_master
            WHERE name='index_Restauracje_Obszary_on_Obszary_id' AND type='index'
[0m
  [1m[35m (0.1ms)[0m              SELECT sql
            FROM sqlite_master
            WHERE name='index_Restauracje_Obszary_on_Restauracje_id' AND type='index'
            UNION ALL
            SELECT sql
            FROM sqlite_temp_master
            WHERE name='index_Restauracje_Obszary_on_Restauracje_id' AND type='index'

